        -:    0:Source:E:/CppProject/dataStruct2023/LSMkv/src/kvstore.cpp
        -:    0:Graph:E:\CppProject\dataStruct2023\LSMkv\cmake-build-debug-coverage\CMakeFiles\LSMkv_correct.dir\src\kvstore.cpp.gcno
        -:    0:Data:E:\CppProject\dataStruct2023\LSMkv\cmake-build-debug-coverage\CMakeFiles\LSMkv_correct.dir\src\kvstore.cpp.gcda
        -:    0:Runs:1
        -:    1:#include "../header/kvstore.h"
        -:    2:#include "../utils.h"
        -:    3:#include <string>
        -:    4:#include "iostream"
        -:    5:#include <sys/stat.h>
        -:    6:string DATA_PATH = "";
        -:    7:string FILE_PREFIX = "";
function _ZN7KVStoreC2ERKNSt7__cxx1112basic_stringIcSt11char_traitsIcESaIcEEE called 1 returned 100% blocks executed 61%
        1:    8:KVStore::KVStore(const std::string &dir ): KVStoreAPI(dir)
        1:    8-block  0
call    0 returned 1
        -:    9:{
        1:   10:    memtable = new SkipList();
call    0 returned 1
call    1 returned 1
branch  2 taken 1 (fallthrough)
branch  3 taken 0 (throw)
    $$$$$:   10-block  0
call    4 never executed
        1:   11:    disk_store = new DiskStore((string)CONFIG_DIR);
        1:   11-block  0
call    0 returned 1
call    1 returned 1
branch  2 taken 1 (fallthrough)
branch  3 taken 0 (throw)
        1:   11-block  1
call    4 returned 1
branch  5 taken 1 (fallthrough)
branch  6 taken 0 (throw)
        1:   11-block  2
call    7 returned 1
branch  8 taken 1 (fallthrough)
branch  9 taken 0 (throw)
        1:   11-block  3
call   10 returned 1
call   11 returned 1
    $$$$$:   11-block  4
call   12 never executed
    $$$$$:   11-block  5
call   13 never executed
    $$$$$:   11-block  6
    $$$$$:   11-block  7
call   14 never executed
        1:   12:    timestamp = 1;
        1:   13:    DATA_PATH = dir;
call    0 returned 1
        1:   14:    FILE_PREFIX = "/level-";
call    0 returned 1
        1:   15:    init();
call    0 returned 1
        1:   16:}
        -:   17:
function _ZN7KVStoreD2Ev called 1 returned 100% blocks executed 100%
        1:   18:KVStore::~KVStore()
        -:   19:{
        1:   20:    if(memtable ) {
        1:   20-block  0
branch  0 taken 1 (fallthrough)
branch  1 taken 0
        1:   21:        dump();
        1:   21-block  0
call    0 returned 1
        -:   22:    }
        1:   23:    delete memtable;
        1:   23-block  0
branch  0 taken 1 (fallthrough)
branch  1 taken 0
        1:   23-block  1
call    2 returned 1
call    3 returned 1
        1:   24:    delete disk_store;
        1:   24-block  0
branch  0 taken 1 (fallthrough)
branch  1 taken 0
        1:   24-block  1
call    2 returned 1
call    3 returned 1
        1:   25:}
        -:   26:
        -:   27:/**
        -:   28: * Insert/Update the key-value pair.
        -:   29: * No return values for simplicity.
        -:   30: */
function _ZN7KVStore3putEyRKNSt7__cxx1112basic_stringIcSt11char_traitsIcESaIcEEE called 5124 returned 100% blocks executed 64%
     5124:   31:void KVStore::put(uint64_t key, const std::string &s)
        -:   32:{
     5124:   33:    if(memtable == nullptr)
     5124:   33-block  0
branch  0 taken 0 (fallthrough)
branch  1 taken 5124
    #####:   34:        memtable = new SkipList();
    %%%%%:   34-block  0
call    0 never executed
call    1 never executed
branch  2 never executed
branch  3 never executed
    %%%%%:   34-block  1
    $$$$$:   34-block  2
call    4 never executed
     5124:   35:    if(!memtable->insert(key, s)) {
     5124:   35-block  0
call    0 returned 5124
branch  1 taken 1 (fallthrough)
branch  2 taken 5123
        1:   36:        dump();
        1:   36-block  0
call    0 returned 1
        1:   37:        memtable->insert(key, s);
call    0 returned 1
        -:   38:    }
        -:   39:
     5124:   40:}
     5124:   40-block  0
        -:   41:/**
        -:   42: * Returns the (string) value of the given key.
        -:   43: * An empty string indicates not found.
        -:   44: */
function _ZN7KVStore3getB5cxx11Ey called 9715 returned 100% blocks executed 54%
     9715:   45:std::string KVStore::get(uint64_t key)
        -:   46:{
     9715:   47:    string res="";
     9715:   47-block  0
call    0 returned 9715
call    1 returned 9715
branch  2 taken 9715 (fallthrough)
branch  3 taken 0 (throw)
    $$$$$:   47-block  1
     9715:   48:    if( !memtable)
branch  0 taken 0 (fallthrough)
branch  1 taken 9715
    #####:   49:        memtable = new SkipList();
    %%%%%:   49-block  0
call    0 never executed
branch  1 never executed
branch  2 never executed
    %%%%%:   49-block  1
call    3 never executed
branch  4 never executed
branch  5 never executed
    %%%%%:   49-block  2
    $$$$$:   49-block  3
call    6 never executed
        -:   50:    else
     9715:   51:        res = memtable->search(key);
     9715:   51-block  0
call    0 returned 9715
branch  1 taken 9715 (fallthrough)
branch  2 taken 0 (throw)
     9715:   51-block  1
call    3 returned 9715
call    4 returned 9715
        -:   52:    // 被删除
     9715:   53:    if(res == (string)DELETE_VAL)
     9715:   53-block  0
call    0 returned 9715
call    1 returned 9715
branch  2 taken 9715 (fallthrough)
branch  3 taken 0 (throw)
     9715:   53-block  1
call    4 returned 9715
call    5 returned 9715
call    6 returned 9715
branch  7 taken 1282 (fallthrough)
branch  8 taken 8433
    $$$$$:   53-block  2
call    9 never executed
    $$$$$:   53-block  3
     1282:   54:        return "";
     1282:   54-block  0
call    0 returned 1282
call    1 returned 1282
branch  2 taken 1282 (fallthrough)
branch  3 taken 0 (throw)
     1282:   54-block  1
call    4 returned 1282
    $$$$$:   54-block  2
call    5 never executed
    $$$$$:   54-block  3
        -:   55:
        -:   56:    //不在memtable中
     8433:   57:    if(res.empty()) {
     8433:   57-block  0
call    0 returned 8433
branch  1 taken 5074 (fallthrough)
branch  2 taken 3359
    10148:   58:        string directory = string(DATA_PATH )+string(FILE_PREFIX);
     5074:   58-block  0
call    0 returned 5074
branch  1 taken 5074 (fallthrough)
branch  2 taken 0 (throw)
     5074:   58-block  1
call    3 returned 5074
branch  4 taken 5074 (fallthrough)
branch  5 taken 0 (throw)
     5074:   58-block  2
call    6 returned 5074
branch  7 taken 5074 (fallthrough)
branch  8 taken 0 (throw)
call    9 returned 5074
    $$$$$:   58-block  3
    $$$$$:   58-block  4
     5074:   59:        res = disk_store->get(key,directory);
call    0 returned 5074
branch  1 taken 5074 (fallthrough)
branch  2 taken 0 (throw)
     5074:   59-block  0
call    3 returned 5074
call    4 returned 5074
     5074:   60:    }
call    0 returned 5074
    $$$$$:   60-block  0
call    1 never executed
     8433:   61:    if(res == (string)DELETE_VAL)
     8433:   61-block  0
call    0 returned 8433
call    1 returned 8433
branch  2 taken 8433 (fallthrough)
branch  3 taken 0 (throw)
     8433:   61-block  1
call    4 returned 8433
call    5 returned 8433
call    6 returned 8433
branch  7 taken 0 (fallthrough)
branch  8 taken 8433
    $$$$$:   61-block  2
call    9 never executed
    $$$$$:   61-block  3
    #####:   62:        return "";
    %%%%%:   62-block  0
call    0 never executed
call    1 never executed
branch  2 never executed
branch  3 never executed
    %%%%%:   62-block  1
call    4 never executed
    $$$$$:   62-block  2
call    5 never executed
    $$$$$:   62-block  3
     8433:   63:    return res;
     8433:   63-block  0
call    0 returned 8433
     9715:   64:}
     9715:   64-block  0
call    0 returned 9715
    $$$$$:   64-block  1
call    1 never executed
        -:   65:/**
        -:   66: * Delete the given key-value pair if it exists.
        -:   67: * Returns false iff the key is not found.
        -:   68: */
function _ZN7KVStore3delEy called 3842 returned 100% blocks executed 67%
     3842:   69:bool KVStore::del(uint64_t key)
        -:   70:{
        -:   71:    // 先去memtable删除
     3842:   72:    string res = memtable->search(key);
     3842:   72-block  0
call    0 returned 3842
branch  1 taken 3842 (fallthrough)
branch  2 taken 0 (throw)
     3842:   73:    if (res == (string)DELETE_VAL)// 重复删除
     3842:   73-block  0
call    0 returned 3842
call    1 returned 3842
branch  2 taken 3842 (fallthrough)
branch  3 taken 0 (throw)
     3842:   73-block  1
call    4 returned 3842
call    5 returned 3842
call    6 returned 3842
branch  7 taken 1280 (fallthrough)
branch  8 taken 2562
    $$$$$:   73-block  2
call    9 never executed
    $$$$$:   73-block  3
     1280:   74:        return false;
     1280:   74-block  0
     2562:   75:    if ( res.empty()) {
     2562:   75-block  0
call    0 returned 2562
branch  1 taken 2029 (fallthrough)
branch  2 taken 533
        -:   76:        // 说明memtable中没有
     2029:   77:        if(disk_store->get_level_num() == 0) // 没有磁盘文件
     2029:   77-block  0
call    0 returned 2029
branch  1 taken 0 (fallthrough)
branch  2 taken 2029
    #####:   78:            return false;
    %%%%%:   78-block  0
        -:   79:        // 去磁盘中找
     2029:   80:        if(get(key).empty())
     2029:   80-block  0
call    0 returned 2029
branch  1 taken 2029 (fallthrough)
branch  2 taken 0 (throw)
     2029:   80-block  1
call    3 returned 2029
call    4 returned 2029
branch  5 taken 0 (fallthrough)
branch  6 taken 2029
    #####:   81:            return false;
    %%%%%:   81-block  0
        -:   82:    }
     2562:   83:    put(key, (string)DELETE_VAL);
     2562:   83-block  0
call    0 returned 2562
call    1 returned 2562
branch  2 taken 2562 (fallthrough)
branch  3 taken 0 (throw)
     2562:   83-block  1
call    4 returned 2562
branch  5 taken 2562 (fallthrough)
branch  6 taken 0 (throw)
     2562:   83-block  2
call    7 returned 2562
call    8 returned 2562
    $$$$$:   83-block  3
call    9 never executed
    $$$$$:   83-block  4
    $$$$$:   83-block  5
call   10 never executed
    $$$$$:   83-block  6
     2562:   84:    return true;
     3842:   85:}
     3842:   85-block  0
call    0 returned 3842
    $$$$$:   85-block  1
call    1 never executed
        -:   86:
        -:   87:/**
        -:   88: * This resets the kvstore. All key-value pairs should be removed,
        -:   89: * including memtable and all sstables files.
        -:   90: */
function _ZN7KVStore5resetEv called 2 returned 100% blocks executed 30%
        2:   91:void KVStore::reset()
        -:   92:{
        2:   93:    vector<string> directories;
        2:   93-block  0
call    0 returned 2
        2:   94:    utils::scanDir(DATA_PATH, directories);
call    0 returned 2
branch  1 taken 2 (fallthrough)
branch  2 taken 0 (throw)
        2:   94-block  0
call    3 returned 2
branch  4 taken 2 (fallthrough)
branch  5 taken 0 (throw)
        2:   94-block  1
call    6 returned 2
    $$$$$:   94-block  2
call    7 never executed
    $$$$$:   94-block  3
       2*:   95:    for (auto &dir : directories) {
call    0 returned 2
call    1 returned 2
    %%%%%:   95-block  0
call    2 never executed
call    3 never executed
        2:   95-block  1
call    4 returned 2
branch  5 taken 0
branch  6 taken 2 (fallthrough)
    #####:   96:        string dir_path = DATA_PATH +'/'+ dir;
call    0 never executed
branch  1 never executed
branch  2 never executed
    %%%%%:   96-block  0
call    3 never executed
branch  4 never executed
branch  5 never executed
    $$$$$:   96-block  1
    #####:   97:        vector<string> files;
call    0 never executed
    #####:   98:        utils::scanDir(dir_path, files);
call    0 never executed
branch  1 never executed
branch  2 never executed
    %%%%%:   98-block  0
call    3 never executed
branch  4 never executed
branch  5 never executed
    %%%%%:   98-block  1
call    6 never executed
    $$$$$:   98-block  2
call    7 never executed
    $$$$$:   98-block  3
    #####:   99:        for (auto &file : files) {
call    0 never executed
call    1 never executed
    %%%%%:   99-block  0
call    2 never executed
call    3 never executed
    %%%%%:   99-block  1
call    4 never executed
branch  5 never executed
branch  6 never executed
    #####:  100:            string file_path = dir_path + "/" + file;
call    0 never executed
branch  1 never executed
branch  2 never executed
    %%%%%:  100-block  0
call    3 never executed
branch  4 never executed
branch  5 never executed
    $$$$$:  100-block  1
    #####:  101:            utils::rmfile(file_path.c_str());
call    0 never executed
call    1 never executed
branch  2 never executed
branch  3 never executed
    #####:  102:        }
    %%%%%:  102-block  0
call    0 never executed
    $$$$$:  102-block  1
call    1 never executed
    #####:  103:        utils::rmdir(dir_path.c_str());
    %%%%%:  103-block  0
call    0 never executed
call    1 never executed
branch  2 never executed
branch  3 never executed
    #####:  104:    }
    %%%%%:  104-block  0
call    0 never executed
call    1 never executed
    $$$$$:  104-block  1
call    2 never executed
    $$$$$:  104-block  2
call    3 never executed
        -:  105:
        2:  106:    delete memtable;
        2:  106-block  0
branch  0 taken 2 (fallthrough)
branch  1 taken 0
        2:  106-block  1
call    2 returned 2
call    3 returned 2
        2:  107:    delete disk_store;
        2:  107-block  0
branch  0 taken 2 (fallthrough)
branch  1 taken 0
        2:  107-block  1
call    2 returned 2
call    3 returned 2
        2:  108:    memtable = new SkipList();
        2:  108-block  0
call    0 returned 2
branch  1 taken 2 (fallthrough)
branch  2 taken 0 (throw)
        2:  108-block  1
call    3 returned 2
branch  4 taken 2 (fallthrough)
branch  5 taken 0 (throw)
    $$$$$:  108-block  2
call    6 never executed
        2:  109:    disk_store = new DiskStore((string)CONFIG_DIR);
        2:  109-block  0
call    0 returned 2
call    1 returned 2
branch  2 taken 2 (fallthrough)
branch  3 taken 0 (throw)
        2:  109-block  1
call    4 returned 2
branch  5 taken 2 (fallthrough)
branch  6 taken 0 (throw)
        2:  109-block  2
call    7 returned 2
branch  8 taken 2 (fallthrough)
branch  9 taken 0 (throw)
        2:  109-block  3
call   10 returned 2
call   11 returned 2
    $$$$$:  109-block  4
call   12 never executed
    $$$$$:  109-block  5
call   13 never executed
    $$$$$:  109-block  6
    $$$$$:  109-block  7
call   14 never executed
    $$$$$:  109-block  8
        2:  110:    timestamp = 1;
        2:  111:}
call    0 returned 2
    $$$$$:  111-block  0
call    1 never executed
        -:  112:
        -:  113:/**
        -:  114: * Return a list including all the key-value pair between key1 and key2.
        -:  115: * keys in the list should be in an ascending order.
        -:  116: * An empty string indicates not found.
        -:  117: */
function _ZN7KVStore4scanEyyRNSt7__cxx114listISt4pairIyNS0_12basic_stringIcSt11char_traitsIcESaIcEEEESaIS8_EEE called 2 returned 100% blocks executed 100%
        2:  118:void KVStore::scan(uint64_t key1, uint64_t key2, std::list<std::pair<uint64_t, std::string> > &list)
        -:  119:{
        -:  120:    // 先去memtable中找
        2:  121:    memtable->scan(key1, key2, list);
        2:  121-block  0
call    0 returned 2
        -:  122:    //TODO: 去磁盘中找
        2:  123:}
        -:  124:
        -:  125:
        -:  126:/*
        -:  127: * @brief:扫描目录，将文件加载到内存中
        -:  128: * */
function _ZN7KVStore4initEv called 1 returned 100% blocks executed 18%
        1:  129:void KVStore::init() {
        1:  130:    vector<string> directories;
        1:  130-block  0
call    0 returned 1
        1:  131:    utils::scanDir(DATA_PATH, directories);
call    0 returned 1
branch  1 taken 1 (fallthrough)
branch  2 taken 0 (throw)
        1:  131-block  0
call    3 returned 1
branch  4 taken 1 (fallthrough)
branch  5 taken 0 (throw)
        1:  131-block  1
call    6 returned 1
    $$$$$:  131-block  2
call    7 never executed
    $$$$$:  131-block  3
       1*:  132:    for (auto &dir : directories) {
call    0 returned 1
call    1 returned 1
    %%%%%:  132-block  0
call    2 never executed
call    3 never executed
        1:  132-block  1
call    4 returned 1
branch  5 taken 0
branch  6 taken 1 (fallthrough)
    #####:  133:        string dir_path = DATA_PATH + dir;
call    0 never executed
branch  1 never executed
branch  2 never executed
    #####:  134:        vector<string> files;
    %%%%%:  134-block  0
call    0 never executed
    #####:  135:        utils::scanDir(dir_path, files);
call    0 never executed
branch  1 never executed
branch  2 never executed
    %%%%%:  135-block  0
call    3 never executed
branch  4 never executed
branch  5 never executed
    %%%%%:  135-block  1
call    6 never executed
    $$$$$:  135-block  2
call    7 never executed
    $$$$$:  135-block  3
    #####:  136:        for (auto &file : files) {
call    0 never executed
call    1 never executed
    %%%%%:  136-block  0
call    2 never executed
call    3 never executed
    %%%%%:  136-block  1
call    4 never executed
branch  5 never executed
branch  6 never executed
    #####:  137:            string file_path = dir_path + "/" + file;
call    0 never executed
branch  1 never executed
branch  2 never executed
    %%%%%:  137-block  0
call    3 never executed
branch  4 never executed
branch  5 never executed
    $$$$$:  137-block  1
        -:  138:            uint32_t level;
    #####:  139:            sscanf(dir.c_str(), "level-%u", &level);
call    0 never executed
call    1 never executed
branch  2 never executed
branch  3 never executed
        -:  140:            uint64_t time_stamp;
        -:  141:            uint64_t serial;
    #####:  142:            sscanf(file.c_str(), "%lu-%lu.sst",&time_stamp, &serial);
    %%%%%:  142-block  0
call    0 never executed
call    1 never executed
branch  2 never executed
branch  3 never executed
    #####:  143:            SSTable* ssTable = new SSTable(file_path, time_stamp, serial);
    %%%%%:  143-block  0
call    0 never executed
branch  1 never executed
branch  2 never executed
    %%%%%:  143-block  1
call    3 never executed
branch  4 never executed
branch  5 never executed
    $$$$$:  143-block  2
call    6 never executed
    #####:  144:            bool flag = false;
    #####:  145:            disk_store->add_sstable(ssTable, level,flag);
    %%%%%:  145-block  0
call    0 never executed
branch  1 never executed
branch  2 never executed
        -:  146:            //TODO:未检查合并（默认文件无损坏）
    #####:  147:        }
    %%%%%:  147-block  0
call    0 never executed
    $$$$$:  147-block  1
call    1 never executed
    #####:  148:    }
    %%%%%:  148-block  0
call    0 never executed
call    1 never executed
    $$$$$:  148-block  1
call    2 never executed
    $$$$$:  148-block  2
call    3 never executed
        1:  149:}
        1:  149-block  0
call    0 returned 1
    $$$$$:  149-block  1
call    1 never executed
        -:  150:
        -:  151:/*
        -:  152: * file_name: timestamp-serial.sst
        -:  153: * */
function _ZN7KVStore4dumpEv called 2 returned 100% blocks executed 54%
        2:  154:void KVStore::dump() {
        2:  155:    string directory = DATA_PATH + FILE_PREFIX + "0";
        2:  155-block  0
call    0 returned 2
branch  1 taken 2 (fallthrough)
branch  2 taken 0 (throw)
        2:  155-block  1
call    3 returned 2
branch  4 taken 2 (fallthrough)
branch  5 taken 0 (throw)
    $$$$$:  155-block  2
        2:  156:    if (!utils::dirExists(directory)) {
call    0 returned 2
branch  1 taken 2 (fallthrough)
branch  2 taken 0 (throw)
        2:  156-block  0
call    3 returned 2
branch  4 taken 2 (fallthrough)
branch  5 taken 0 (throw)
        2:  156-block  1
call    6 returned 2
branch  7 taken 1 (fallthrough)
branch  8 taken 1
    $$$$$:  156-block  2
call    9 never executed
    $$$$$:  156-block  3
        1:  157:        utils::mkdir(directory.c_str());
        1:  157-block  0
call    0 returned 1
call    1 returned 1
branch  2 taken 1 (fallthrough)
branch  3 taken 0 (throw)
        1:  158:        if( (disk_store->get_level_num() == 0)) {
        1:  158-block  0
call    0 returned 1
branch  1 taken 1 (fallthrough)
branch  2 taken 0
        -:  159:            // 层未创建过,level0 始终是tiering
        1:  160:            disk_store->add_level(DiskLevel::TIERING);
        1:  160-block  0
call    0 returned 1
branch  1 taken 1 (fallthrough)
branch  2 taken 0 (throw)
        -:  161:        }
        -:  162:    }
        2:  163:    SSTable *ss_table = new SSTable(memtable, timestamp);
        2:  163-block  0
call    0 returned 2
branch  1 taken 2 (fallthrough)
branch  2 taken 0 (throw)
        2:  163-block  1
call    3 returned 2
branch  4 taken 2 (fallthrough)
branch  5 taken 0 (throw)
    $$$$$:  163-block  2
call    6 never executed
        2:  164:    bool compaction_flag = false;
        2:  165:    uint64_t serial =  disk_store->add_sstable(ss_table, 0,compaction_flag);
        2:  165-block  0
call    0 returned 2
branch  1 taken 2 (fallthrough)
branch  2 taken 0 (throw)
        -:  166:
        -:  167:    // 保存成文件
        4:  168:    string file = directory + '/' +  to_string(timestamp) + '-' + to_string(serial) + ".sst";
        2:  168-block  0
call    0 returned 2
branch  1 taken 2 (fallthrough)
branch  2 taken 0 (throw)
        2:  168-block  1
call    3 returned 2
branch  4 taken 2 (fallthrough)
branch  5 taken 0 (throw)
        2:  168-block  2
call    6 returned 2
branch  7 taken 2 (fallthrough)
branch  8 taken 0 (throw)
        2:  168-block  3
call    9 returned 2
branch 10 taken 2 (fallthrough)
branch 11 taken 0 (throw)
        2:  168-block  4
call   12 returned 2
branch 13 taken 2 (fallthrough)
branch 14 taken 0 (throw)
        2:  168-block  5
call   15 returned 2
branch 16 taken 2 (fallthrough)
branch 17 taken 0 (throw)
        2:  168-block  6
call   18 returned 2
branch 19 taken 2 (fallthrough)
branch 20 taken 0 (throw)
call   21 returned 2
call   22 returned 2
call   23 returned 2
call   24 returned 2
call   25 returned 2
    $$$$$:  168-block  7
    $$$$$:  168-block  8
    $$$$$:  168-block  9
    $$$$$:  168-block 10
    $$$$$:  168-block 11
    $$$$$:  168-block 12
        2:  169:    ss_table->save_file(file);
call    0 returned 2
branch  1 taken 2 (fallthrough)
branch  2 taken 0 (throw)
        -:  170:
        2:  171:    if(compaction_flag) {
        2:  171-block  0
branch  0 taken 0 (fallthrough)
branch  1 taken 2
    #####:  172:        compaction(1);
    %%%%%:  172-block  0
call    0 never executed
branch  1 never executed
branch  2 never executed
        -:  173:    }
        2:  174:    timestamp++;
        -:  175:
        -:  176:    // 清空memtable
        2:  177:    delete memtable;
        2:  177-block  0
branch  0 taken 2 (fallthrough)
branch  1 taken 0
        2:  177-block  1
call    2 returned 2
call    3 returned 2
        2:  178:    memtable = new SkipList();
        2:  178-block  0
call    0 returned 2
branch  1 taken 2 (fallthrough)
branch  2 taken 0 (throw)
        2:  178-block  1
call    3 returned 2
branch  4 taken 2 (fallthrough)
branch  5 taken 0 (throw)
    $$$$$:  178-block  2
call    6 never executed
        2:  179:}
        2:  179-block  0
call    0 returned 2
call    1 returned 2
    $$$$$:  179-block  1
call    2 never executed
    $$$$$:  179-block  2
call    3 never executed
        -:  180:
        -:  181:/*
        -:  182: *
        -:  183: * @param dump_to_level: dump的目标层
        -:  184: * */
function _ZN7KVStore10compactionEj called 0 returned 0% blocks executed 0%
    #####:  185:void KVStore::compaction(uint32_t dump_to_level) {
    #####:  186:    if(dump_to_level <= 0 || dump_to_level > disk_store->get_level_num()) { // 错误情况
    %%%%%:  186-block  0
branch  0 never executed
branch  1 never executed
    %%%%%:  186-block  1
call    2 never executed
branch  3 never executed
branch  4 never executed
    %%%%%:  186-block  2
    %%%%%:  186-block  3
    %%%%%:  186-block  4
branch  5 never executed
branch  6 never executed
    #####:  187:        return;
    %%%%%:  187-block  0
        -:  188:    }
        -:  189:
        -:  190:    // 创建目录前缀，让disk解决compaction
    #####:  191:    string directory = string(DATA_PATH )+string(FILE_PREFIX);
    %%%%%:  191-block  0
call    0 never executed
branch  1 never executed
branch  2 never executed
    %%%%%:  191-block  1
call    3 never executed
branch  4 never executed
branch  5 never executed
    %%%%%:  191-block  2
call    6 never executed
branch  7 never executed
branch  8 never executed
call    9 never executed
    $$$$$:  191-block  3
    $$$$$:  191-block  4
    #####:  192:    disk_store->compaction(dump_to_level, directory);
call    0 never executed
branch  1 never executed
branch  2 never executed
        -:  193:
    #####:  194:}
    %%%%%:  194-block  0
call    0 never executed
    $$$$$:  194-block  1
call    1 never executed
