        -:    0:Source:E:/CppProject/dataStruct2023/LSMkv/header/kvstore_api.h
        -:    0:Graph:E:\CppProject\dataStruct2023\LSMkv\cmake-build-debug-coverage\CMakeFiles\LSMkv_correct.dir\src\kvstore.cpp.gcno
        -:    0:Data:E:\CppProject\dataStruct2023\LSMkv\cmake-build-debug-coverage\CMakeFiles\LSMkv_correct.dir\src\kvstore.cpp.gcda
        -:    0:Runs:1
        -:    1:#pragma once
        -:    2:
        -:    3:#include <cstdint>
        -:    4:#include <string>
        -:    5:#include <list>
        -:    6:
        -:    7:class KVStoreAPI {
        -:    8:public:
        -:    9:    /**
        -:   10:     * You should put all sstables under `dir`.
        -:   11:     * Please create one sub-directory for each level, and put sstables
        -:   12:     * there. Please refer to the c++ filesystem library
        -:   13:     * (https://en.cppreference.com/w/cpp/filesystem).
        -:   14:     */
function _ZN10KVStoreAPIC2ERKNSt7__cxx1112basic_stringIcSt11char_traitsIcESaIcEEE called 1 returned 100% blocks executed 100%
        1:   15:    KVStoreAPI(const std::string &dir) { }
        -:   16:    KVStoreAPI() = delete;
        -:   17:
        -:   18:    /**
        -:   19:     * Insert/Update the key-value pair.
        -:   20:     * No return values for simplicity.
        -:   21:     */
        -:   22:    virtual void put(uint64_t key, const std::string &s) = 0;
        -:   23:
        -:   24:    /**
        -:   25:     * Returns the (string) value of the given key.
        -:   26:     * An empty string indicates not found.
        -:   27:     */
        -:   28:    virtual std::string get(uint64_t key) = 0;
        -:   29:
        -:   30:    /**
        -:   31:     * Delete the given key-value pair if it exists.
        -:   32:     * Returns false iff the key is not found.
        -:   33:     */
        -:   34:    virtual bool del(uint64_t key) = 0;
        -:   35:
        -:   36:    /**
        -:   37:     * This resets the kvstore. All key-value pairs should be removed,
        -:   38:     * including memtable and all sstables files.
        -:   39:     */
        -:   40:    virtual void reset() = 0;
        -:   41:
        -:   42:    /**
        -:   43:     * Return a list including all the key-value pair between key1 and key2.
        -:   44:     * keys in the list should be in an ascending order.
        -:   45:     * An empty string indicates not found.
        -:   46:     */
        -:   47:    virtual void scan(uint64_t key1, uint64_t key2, std::list<std::pair<uint64_t, std::string> > &list) = 0;
        -:   48:};
        -:   49:
