        -:    0:Source:E:/CppProject/dataStruct2023/LSMkv/header/SSTable.h
        -:    0:Graph:E:\CppProject\dataStruct2023\LSMkv\cmake-build-debug-coverage\CMakeFiles\LSMkv_correct.dir\src\SStable.cpp.gcno
        -:    0:Data:E:\CppProject\dataStruct2023\LSMkv\cmake-build-debug-coverage\CMakeFiles\LSMkv_correct.dir\src\SStable.cpp.gcda
        -:    0:Runs:1
        -:    1:#pragma once
        -:    2:
        -:    3:#include "skiplist.h"
        -:    4:#include "../utils.h"
        -:    5:#include "MurmurHash3.h"
        -:    6:#include "Constant.h"
        -:    7:#include <bitset>
        -:    8:
        -:    9://const uint32_t BLOOM_SIZE = 81920;
        -:   10://const uint64_t HEADER_BYTE_SIZE = 10272;
        -:   11://const uint64_t TWO_MB = 2097152;
        -:   12:
        -:   13:
        -:   14:
        -:   15:class BloomFilter
        -:   16:{
        -:   17:    int Bit[BLOOM_SIZE];
        -:   18:public:
function _ZN11BloomFilterC1Ev called 57 returned 100% blocks executed 100%
       57:   19:    BloomFilter() {
  4669497:   20:        for(int i = 0;i < BLOOM_SIZE; ++i)
       57:   20-block  0
  4669497:   20-block  1
branch  0 taken 4669440
branch  1 taken 57 (fallthrough)
  4669440:   21:            Bit[i] = 0;
  4669440:   21-block  0
       57:   22:    }
function _ZN11BloomFilterC1ERSt6bitsetILy81920EE called 0 returned 0% blocks executed 0%
    #####:   23:    BloomFilter( bitset<BLOOM_SIZE> &bit) {
    #####:   24:        for(int i = 0;i < BLOOM_SIZE; ++i)
    %%%%%:   24-block  0
    %%%%%:   24-block  1
branch  0 never executed
branch  1 never executed
    #####:   25:            Bit[i] = bit[i];
    %%%%%:   25-block  0
call    0 never executed
call    1 never executed
call    2 never executed
    #####:   26:    }
function _ZN11BloomFilterD1Ev called 0 returned 0% blocks executed 0%
    #####:   27:    ~BloomFilter() {}
function _ZN11BloomFilter6insertEy called 38118 returned 100% blocks executed 100%
    38118:   28:    void insert(uint64_t key) {
    38118:   29:        unsigned int hash[4] = {0};
    38118:   30:        MurmurHash3_x64_128(&key, sizeof(key), 1, hash);
    38118:   30-block  0
call    0 returned 38118
   190590:   31:        for(unsigned int i = 0; i < 4; ++i )
   190590:   31-block  0
branch  0 taken 152472
branch  1 taken 38118 (fallthrough)
   152472:   32:            Bit[i % BLOOM_SIZE] = 1;
   152472:   32-block  0
    38118:   33:    }
function _ZNK11BloomFilter4findEy called 26631 returned 100% blocks executed 89%
    26631:   34:    bool find(uint64_t key) const {
    26631:   35:        unsigned int hash[4] = {0};
    26631:   36:        MurmurHash3_x64_128(&key, sizeof(key), 1, hash);
    26631:   36-block  0
call    0 returned 26631
   133155:   37:        for(unsigned int i = 0; i < 4; ++i ) {
   106524:   37-block  0
   133155:   37-block  1
branch  0 taken 106524
branch  1 taken 26631 (fallthrough)
   106524:   38:            if (!Bit[i % BLOOM_SIZE])
   106524:   38-block  0
branch  0 taken 0 (fallthrough)
branch  1 taken 106524
    #####:   39:                return false;
    %%%%%:   39-block  0
        -:   40:        }
    26631:   41:        return true;
    26631:   41-block  0
        -:   42:    }
function _ZN11BloomFilter6getBitERSt6bitsetILy81920EE called 57 returned 100% blocks executed 100%
       57:   43:    void getBit(bitset<BLOOM_SIZE> &bitset){
  4669497:   44:        for(int i = 0;i < BLOOM_SIZE; ++i)
       57:   44-block  0
  4669497:   44-block  1
branch  0 taken 4669440
branch  1 taken 57 (fallthrough)
  4669440:   45:            bitset[i] = Bit[i];
  4669440:   45-block  0
call    0 returned 4669440
call    1 returned 4669440
call    2 returned 4669440
       57:   46:    }
        -:   47:};
        -:   48:struct Header {
        -:   49:    uint64_t time_stamp; //时间戳
        -:   50:    uint64_t total_num; //总的键值对
        -:   51:    uint64_t max_key; //最大的key
        -:   52:    uint64_t min_key; //最小的key
function _ZN6HeaderC1Ev called 0 returned 0% blocks executed 0%
    #####:   53:    Header():time_stamp(0), total_num(0), max_key(0), min_key(0) {}
function _ZN6HeaderC1Eyyyy called 57 returned 100% blocks executed 100%
       57:   54:    Header(uint64_t t_s, uint64_t num, uint64_t Max, uint64_t Min):
       57:   55:        time_stamp(t_s), total_num(num), max_key(Max), min_key(Min) {}
        -:   56:};
        -:   57:
        -:   58:struct Indexer {
        -:   59:    uint64_t key;
        -:   60:    uint32_t offset;
function _ZN7IndexerC1Ev called 0 returned 0% blocks executed 0%
    #####:   61:    Indexer() { };
function _ZN7IndexerC1Eyj called 38118 returned 100% blocks executed 100%
    38118:   62:    Indexer(uint64_t k, uint32_t o): key(k), offset(o) {}
        -:   63:};
        -:   64:class SSTable {
        -:   65:    Header* header;
        -:   66:    BloomFilter* bloom_filter;
        -:   67:    vector<Indexer> index_area;
        -:   68:    vector<string> data_area; //dump的时候暂存数据
        -:   69:    uint64_t Serial; //序列号,用于区分同一时间戳的SSTable（文件命名）
        -:   70:
        -:   71:public:
        -:   72:    SSTable();
        -:   73:    ~SSTable();
        -:   74:    SSTable(SkipList *skip_list, uint64_t time_stamp);
        -:   75:    SSTable(const vector<pair<uint64_t,string>>& data, const uint64_t time_stamp);
        -:   76:    SSTable(const string &file_path, uint64_t time_stamp,uint64_t serial);
        -:   77:    bool get(uint64_t key, uint32_t & offset, int & size);
        -:   78:    bool find(uint64_t key) const{
        -:   79:        return bloom_filter->find(key);
        -:   80:    }
        -:   81:    uint64_t get_min_key() const {
        -:   82:        return header->min_key;
        -:   83:    }
        -:   84:    uint64_t get_max_key() const {
        -:   85:        return header->max_key;
        -:   86:    }
        -:   87:    uint64_t get_total_num() const {
        -:   88:        return header->total_num;
        -:   89:    }
        -:   90:    void save_file(const string &file_name);
        -:   91:    void set_serial(const uint64_t serial) {
        -:   92:        Serial = serial;
        -:   93:    }
        -:   94:    uint64_t get_serial() const {
        -:   95:        return Serial;
        -:   96:    }
        -:   97:    uint64_t get_time_stamp() const {
        -:   98:        return header->time_stamp;
        -:   99:    }
        -:  100:    void read_to_mem(const string &file_path,vector< pair<uint64_t, string> > &data,bool is_end);
        -:  101:
        -:  102:private:
        -:  103:    int binary_search(uint64_t key) const;
        -:  104://    string read_file(const uint32_t offset, const uint32_t size) const;
        -:  105://    string make_file_name();
        -:  106:
        -:  107:};
